c:\users\89598\source\repos\windows核心编程2\injectormfc\debug\injectormfc.pch
c:\users\89598\source\repos\windows核心编程2\injectormfc\debug\vc142.pdb
c:\users\89598\source\repos\windows核心编程2\injectormfc\debug\vc142.idb
c:\users\89598\source\repos\windows核心编程2\injectormfc\debug\pch.obj
c:\users\89598\source\repos\windows核心编程2\injectormfc\debug\processlist.obj
c:\users\89598\source\repos\windows核心编程2\injectormfc\debug\injectormfcdlg.obj
c:\users\89598\source\repos\windows核心编程2\injectormfc\debug\injectormfc.obj
c:\users\89598\source\repos\windows核心编程2\debug\injectormfc.exe
c:\users\89598\source\repos\windows核心编程2\injectormfc\debug\injectormfc.ilk
c:\users\89598\source\repos\windows核心编程2\debug\injectormfc.pdb
c:\users\89598\source\repos\windows核心编程2\injectormfc\debug\injectormfc.res
c:\users\89598\source\repos\windows核心编程2\injectormfc\debug\injectormfc.tlog\cl.command.1.tlog
c:\users\89598\source\repos\windows核心编程2\injectormfc\debug\injectormfc.tlog\cl.read.1.tlog
c:\users\89598\source\repos\windows核心编程2\injectormfc\debug\injectormfc.tlog\cl.write.1.tlog
c:\users\89598\source\repos\windows核心编程2\injectormfc\debug\injectormfc.tlog\link.command.1.tlog
c:\users\89598\source\repos\windows核心编程2\injectormfc\debug\injectormfc.tlog\link.read.1.tlog
c:\users\89598\source\repos\windows核心编程2\injectormfc\debug\injectormfc.tlog\link.write.1.tlog
c:\users\89598\source\repos\windows核心编程2\injectormfc\debug\injectormfc.tlog\rc.command.1.tlog
c:\users\89598\source\repos\windows核心编程2\injectormfc\debug\injectormfc.tlog\rc.read.1.tlog
c:\users\89598\source\repos\windows核心编程2\injectormfc\debug\injectormfc.tlog\rc.write.1.tlog
